# JRE version: OpenJDK Runtime Environment Temurin-21.0.10+7 (21.0.10+7) (build 21.0.10+7-LTS)
# Java VM: OpenJDK 64-Bit Server VM Temurin-21.0.10+7 (21.0.10+7-LTS, mixed mode, sharing, tiered, compressed oops, compressed class ptrs, parallel gc, windows-amd64)
GC Precious Log:
 CardTable entry size: 512
 CPUs: 16 total, 16 available
 Memory: 16068M
 Large Page Support: Disabled
 NUMA Support: Disabled
 Compressed Oops: Enabled (32-bit)
 Alignments: Space 512K, Generation 512K, Heap 2M
 Heap Min Capacity: 100M
 Heap Initial Capacity: 100M
 Heap Max Capacity: 2G
 Pre-touch: Disabled
 Parallel Workers: 13
Heap:
 PSYoungGen      total 15360K, used 8409K [0x00000000d5580000, 0x00000000d6780000, 0x0000000100000000)
  eden space 14336K, 51% used [0x00000000d5580000,0x00000000d5cb6a00,0x00000000d6380000)
  from space 1024K, 99% used [0x00000000d6580000,0x00000000d667fa40,0x00000000d6680000)
  to   space 1024K, 0% used [0x00000000d6680000,0x00000000d6680000,0x00000000d6780000)
 ParOldGen       total 100352K, used 100330K [0x0000000080000000, 0x0000000086200000, 0x00000000d5580000)
  object space 100352K, 99% used [0x0000000080000000,0x00000000861fabc8,0x0000000086200000)
 Metaspace       used 67641K, committed 69120K, reserved 1114112K
  class space    used 7214K, committed 7872K, reserved 1048576K
GC Heap History (20 events):
Event: 19.147 GC heap before
{Heap before GC invocations=153 (full 3):
 PSYoungGen      total 15872K, used 15824K [0x00000000d5580000, 0x00000000d6980000, 0x0000000100000000)
  eden space 14336K, 99% used [0x00000000d5580000,0x00000000d63791e8,0x00000000d6380000)
  from space 1536K, 98% used [0x00000000d6400000,0x00000000d657b040,0x00000000d6580000)
  to   space 3072K, 0% used [0x00000000d6680000,0x00000000d6680000,0x00000000d6980000)
 ParOldGen       total 93184K, used 93131K [0x0000000080000000, 0x0000000085b00000, 0x00000000d5580000)
  object space 93184K, 99% used [0x0000000080000000,0x0000000085af2f18,0x0000000085b00000)
 Metaspace       used 62114K, committed 63552K, reserved 1114112K
  class space    used 6653K, committed 7296K, reserved 1048576K
}
Event: 19.148 GC heap after
{Heap after GC invocations=153 (full 3):
 PSYoungGen      total 15360K, used 632K [0x00000000d5580000, 0x00000000d6780000, 0x0000000100000000)
  eden space 14336K, 0% used [0x00000000d5580000,0x00000000d5580000,0x00000000d6380000)
  from space 1024K, 61% used [0x00000000d6680000,0x00000000d671e2e8,0x00000000d6780000)
  to   space 1536K, 0% used [0x00000000d6480000,0x00000000d6480000,0x00000000d6600000)
 ParOldGen       total 94208K, used 94092K [0x0000000080000000, 0x0000000085c00000, 0x00000000d5580000)
  object space 94208K, 99% used [0x0000000080000000,0x0000000085be3388,0x0000000085c00000)
 Metaspace       used 62114K, committed 63552K, reserved 1114112K
  class space    used 6653K, committed 7296K, reserved 1048576K
}
Event: 19.665 GC heap before
{Heap before GC invocations=154 (full 3):
 PSYoungGen      total 15360K, used 14968K [0x00000000d5580000, 0x00000000d6780000, 0x0000000100000000)
  eden space 14336K, 100% used [0x00000000d5580000,0x00000000d6380000,0x00000000d6380000)
  from space 1024K, 61% used [0x00000000d6680000,0x00000000d671e2e8,0x00000000d6780000)
  to   space 1536K, 0% used [0x00000000d6480000,0x00000000d6480000,0x00000000d6600000)
 ParOldGen       total 94208K, used 94092K [0x0000000080000000, 0x0000000085c00000, 0x00000000d5580000)
  object space 94208K, 99% used [0x0000000080000000,0x0000000085be3388,0x0000000085c00000)
 Metaspace       used 62748K, committed 64256K, reserved 1114112K
  class space    used 6730K, committed 7360K, reserved 1048576K
}
Event: 19.666 GC heap after
{Heap after GC invocations=154 (full 3):
 PSYoungGen      total 15872K, used 448K [0x00000000d5580000, 0x00000000d6700000, 0x0000000100000000)
  eden space 14336K, 0% used [0x00000000d5580000,0x00000000d5580000,0x00000000d6380000)
  from space 1536K, 29% used [0x00000000d6480000,0x00000000d64f0000,0x00000000d6600000)
  to   space 1024K, 0% used [0x00000000d6600000,0x00000000d6600000,0x00000000d6700000)
 ParOldGen       total 94720K, used 94552K [0x0000000080000000, 0x0000000085c80000, 0x00000000d5580000)
  object space 94720K, 99% used [0x0000000080000000,0x0000000085c560b0,0x0000000085c80000)
 Metaspace       used 62748K, committed 64256K, reserved 1114112K
  class space    used 6730K, committed 7360K, reserved 1048576K
}
Event: 19.996 GC heap before
{Heap before GC invocations=155 (full 3):
 PSYoungGen      total 15872K, used 14784K [0x00000000d5580000, 0x00000000d6700000, 0x0000000100000000)
  eden space 14336K, 100% used [0x00000000d5580000,0x00000000d6380000,0x00000000d6380000)
  from space 1536K, 29% used [0x00000000d6480000,0x00000000d64f0000,0x00000000d6600000)
  to   space 1024K, 0% used [0x00000000d6600000,0x00000000d6600000,0x00000000d6700000)
 ParOldGen       total 94720K, used 94552K [0x0000000080000000, 0x0000000085c80000, 0x00000000d5580000)
  object space 94720K, 99% used [0x0000000080000000,0x0000000085c560b0,0x0000000085c80000)
 Metaspace       used 63764K, committed 65280K, reserved 1114112K
  class space    used 6834K, committed 7488K, reserved 1048576K
}
Event: 19.998 GC heap after
{Heap after GC invocations=155 (full 3):
 PSYoungGen      total 15360K, used 608K [0x00000000d5580000, 0x00000000d6700000, 0x0000000100000000)
  eden space 14336K, 0% used [0x00000000d5580000,0x00000000d5580000,0x00000000d6380000)
  from space 1024K, 59% used [0x00000000d6600000,0x00000000d6698000,0x00000000d6700000)
  to   space 1024K, 0% used [0x00000000d6500000,0x00000000d6500000,0x00000000d6600000)
 ParOldGen       total 95232K, used 94784K [0x0000000080000000, 0x0000000085d00000, 0x00000000d5580000)
  object space 95232K, 99% used [0x0000000080000000,0x0000000085c900b0,0x0000000085d00000)
 Metaspace       used 63764K, committed 65280K, reserved 1114112K
  class space    used 6834K, committed 7488K, reserved 1048576K
}
Event: 20.214 GC heap before
{Heap before GC invocations=156 (full 3):
 PSYoungGen      total 15360K, used 14944K [0x00000000d5580000, 0x00000000d6700000, 0x0000000100000000)
  eden space 14336K, 100% used [0x00000000d5580000,0x00000000d6380000,0x00000000d6380000)
  from space 1024K, 59% used [0x00000000d6600000,0x00000000d6698000,0x00000000d6700000)
  to   space 1024K, 0% used [0x00000000d6500000,0x00000000d6500000,0x00000000d6600000)
 ParOldGen       total 95232K, used 94784K [0x0000000080000000, 0x0000000085d00000, 0x00000000d5580000)
  object space 95232K, 99% used [0x0000000080000000,0x0000000085c900b0,0x0000000085d00000)
 Metaspace       used 64995K, committed 66432K, reserved 1114112K
  class space    used 6952K, committed 7552K, reserved 1048576K
}
Event: 20.216 GC heap after
{Heap after GC invocations=156 (full 3):
 PSYoungGen      total 15360K, used 1005K [0x00000000d5580000, 0x00000000d6c80000, 0x0000000100000000)
  eden space 14336K, 0% used [0x00000000d5580000,0x00000000d5580000,0x00000000d6380000)
  from space 1024K, 98% used [0x00000000d6500000,0x00000000d65fb660,0x00000000d6600000)
  to   space 4608K, 0% used [0x00000000d6800000,0x00000000d6800000,0x00000000d6c80000)
 ParOldGen       total 97792K, used 97703K [0x0000000080000000, 0x0000000085f80000, 0x00000000d5580000)
  object space 97792K, 99% used [0x0000000080000000,0x0000000085f69d40,0x0000000085f80000)
 Metaspace       used 64995K, committed 66432K, reserved 1114112K
  class space    used 6952K, committed 7552K, reserved 1048576K
}
Event: 20.273 GC heap before
{Heap before GC invocations=157 (full 3):
 PSYoungGen      total 15360K, used 15331K [0x00000000d5580000, 0x00000000d6c80000, 0x0000000100000000)
  eden space 14336K, 99% used [0x00000000d5580000,0x00000000d637d870,0x00000000d6380000)
  from space 1024K, 98% used [0x00000000d6500000,0x00000000d65fb660,0x00000000d6600000)
  to   space 4608K, 0% used [0x00000000d6800000,0x00000000d6800000,0x00000000d6c80000)
 ParOldGen       total 97792K, used 97703K [0x0000000080000000, 0x0000000085f80000, 0x00000000d5580000)
  object space 97792K, 99% used [0x0000000080000000,0x0000000085f69d40,0x0000000085f80000)
 Metaspace       used 65019K, committed 66432K, reserved 1114112K
  class space    used 6952K, committed 7552K, reserved 1048576K
}
Event: 20.274 GC heap after
{Heap after GC invocations=157 (full 3):
 PSYoungGen      total 15360K, used 525K [0x00000000d5580000, 0x00000000d6900000, 0x0000000100000000)
  eden space 14336K, 0% used [0x00000000d5580000,0x00000000d5580000,0x00000000d6380000)
  from space 1024K, 51% used [0x00000000d6800000,0x00000000d6883448,0x00000000d6900000)
  to   space 2048K, 0% used [0x00000000d6500000,0x00000000d6500000,0x00000000d6700000)
 ParOldGen       total 99328K, used 98923K [0x0000000080000000, 0x0000000086100000, 0x00000000d5580000)
  object space 99328K, 99% used [0x0000000080000000,0x000000008609aec8,0x0000000086100000)
 Metaspace       used 65019K, committed 66432K, reserved 1114112K
  class space    used 6952K, committed 7552K, reserved 1048576K
}
Event: 20.320 GC heap before
{Heap before GC invocations=158 (full 3):
 PSYoungGen      total 15360K, used 14764K [0x00000000d5580000, 0x00000000d6900000, 0x0000000100000000)
  eden space 14336K, 99% used [0x00000000d5580000,0x00000000d6367c00,0x00000000d6380000)
  from space 1024K, 51% used [0x00000000d6800000,0x00000000d6883448,0x00000000d6900000)
  to   space 2048K, 0% used [0x00000000d6500000,0x00000000d6500000,0x00000000d6700000)
 ParOldGen       total 99328K, used 98923K [0x0000000080000000, 0x0000000086100000, 0x00000000d5580000)
  object space 99328K, 99% used [0x0000000080000000,0x000000008609aec8,0x0000000086100000)
 Metaspace       used 65027K, committed 66432K, reserved 1114112K
  class space    used 6952K, committed 7552K, reserved 1048576K
}
Event: 20.320 GC heap after
{Heap after GC invocations=158 (full 3):
 PSYoungGen      total 16384K, used 1097K [0x00000000d5580000, 0x00000000d6880000, 0x0000000100000000)
  eden space 14336K, 0% used [0x00000000d5580000,0x00000000d5580000,0x00000000d6380000)
  from space 2048K, 53% used [0x00000000d6500000,0x00000000d6612738,0x00000000d6700000)
  to   space 1536K, 0% used [0x00000000d6700000,0x00000000d6700000,0x00000000d6880000)
 ParOldGen       total 99328K, used 99035K [0x0000000080000000, 0x0000000086100000, 0x00000000d5580000)
  object space 99328K, 99% used [0x0000000080000000,0x00000000860b6ed8,0x0000000086100000)
 Metaspace       used 65027K, committed 66432K, reserved 1114112K
  class space    used 6952K, committed 7552K, reserved 1048576K
}
Event: 20.494 GC heap before
{Heap before GC invocations=159 (full 3):
 PSYoungGen      total 16384K, used 15433K [0x00000000d5580000, 0x00000000d6880000, 0x0000000100000000)
  eden space 14336K, 100% used [0x00000000d5580000,0x00000000d6380000,0x00000000d6380000)
  from space 2048K, 53% used [0x00000000d6500000,0x00000000d6612738,0x00000000d6700000)
  to   space 1536K, 0% used [0x00000000d6700000,0x00000000d6700000,0x00000000d6880000)
 ParOldGen       total 99328K, used 99035K [0x0000000080000000, 0x0000000086100000, 0x00000000d5580000)
  object space 99328K, 99% used [0x0000000080000000,0x00000000860b6ed8,0x0000000086100000)
 Metaspace       used 66416K, committed 67904K, reserved 1114112K
  class space    used 7097K, committed 7744K, reserved 1048576K
}
Event: 20.495 GC heap after
{Heap after GC invocations=159 (full 3):
 PSYoungGen      total 15360K, used 720K [0x00000000d5580000, 0x00000000d6800000, 0x0000000100000000)
  eden space 14336K, 0% used [0x00000000d5580000,0x00000000d5580000,0x00000000d6380000)
  from space 1024K, 70% used [0x00000000d6700000,0x00000000d67b4010,0x00000000d6800000)
  to   space 1024K, 0% used [0x00000000d6600000,0x00000000d6600000,0x00000000d6700000)
 ParOldGen       total 99328K, used 99059K [0x0000000080000000, 0x0000000086100000, 0x00000000d5580000)
  object space 99328K, 99% used [0x0000000080000000,0x00000000860bced8,0x0000000086100000)
 Metaspace       used 66416K, committed 67904K, reserved 1114112K
  class space    used 7097K, committed 7744K, reserved 1048576K
}
Event: 20.736 GC heap before
{Heap before GC invocations=160 (full 3):
 PSYoungGen      total 15360K, used 15056K [0x00000000d5580000, 0x00000000d6800000, 0x0000000100000000)
  eden space 14336K, 100% used [0x00000000d5580000,0x00000000d6380000,0x00000000d6380000)
  from space 1024K, 70% used [0x00000000d6700000,0x00000000d67b4010,0x00000000d6800000)
  to   space 1024K, 0% used [0x00000000d6600000,0x00000000d6600000,0x00000000d6700000)
 ParOldGen       total 99328K, used 99059K [0x0000000080000000, 0x0000000086100000, 0x00000000d5580000)
  object space 99328K, 99% used [0x0000000080000000,0x00000000860bced8,0x0000000086100000)
 Metaspace       used 66874K, committed 68352K, reserved 1114112K
  class space    used 7164K, committed 7808K, reserved 1048576K
}
Event: 20.737 GC heap after
{Heap after GC invocations=160 (full 3):
 PSYoungGen      total 15360K, used 928K [0x00000000d5580000, 0x00000000d6780000, 0x0000000100000000)
  eden space 14336K, 0% used [0x00000000d5580000,0x00000000d5580000,0x00000000d6380000)
  from space 1024K, 90% used [0x00000000d6600000,0x00000000d66e8020,0x00000000d6700000)
  to   space 512K, 0% used [0x00000000d6700000,0x00000000d6700000,0x00000000d6780000)
 ParOldGen       total 99840K, used 99531K [0x0000000080000000, 0x0000000086180000, 0x00000000d5580000)
  object space 99840K, 99% used [0x0000000080000000,0x0000000086132ef8,0x0000000086180000)
 Metaspace       used 66874K, committed 68352K, reserved 1114112K
  class space    used 7164K, committed 7808K, reserved 1048576K
}
Event: 20.975 GC heap before
{Heap before GC invocations=161 (full 3):
 PSYoungGen      total 15360K, used 15264K [0x00000000d5580000, 0x00000000d6780000, 0x0000000100000000)
  eden space 14336K, 100% used [0x00000000d5580000,0x00000000d6380000,0x00000000d6380000)
  from space 1024K, 90% used [0x00000000d6600000,0x00000000d66e8020,0x00000000d6700000)
  to   space 512K, 0% used [0x00000000d6700000,0x00000000d6700000,0x00000000d6780000)
 ParOldGen       total 99840K, used 99531K [0x0000000080000000, 0x0000000086180000, 0x00000000d5580000)
  object space 99840K, 99% used [0x0000000080000000,0x0000000086132ef8,0x0000000086180000)
 Metaspace       used 67150K, committed 68672K, reserved 1114112K
  class space    used 7181K, committed 7808K, reserved 1048576K
}
Event: 20.976 GC heap after
{Heap after GC invocations=161 (full 3):
 PSYoungGen      total 14848K, used 496K [0x00000000d5580000, 0x00000000d6780000, 0x0000000100000000)
  eden space 14336K, 0% used [0x00000000d5580000,0x00000000d5580000,0x00000000d6380000)
  from space 512K, 96% used [0x00000000d6700000,0x00000000d677c010,0x00000000d6780000)
  to   space 1024K, 0% used [0x00000000d6580000,0x00000000d6580000,0x00000000d6680000)
 ParOldGen       total 100352K, used 99915K [0x0000000080000000, 0x0000000086200000, 0x00000000d5580000)
  object space 100352K, 99% used [0x0000000080000000,0x0000000086192f08,0x0000000086200000)
 Metaspace       used 67150K, committed 68672K, reserved 1114112K
  class space    used 7181K, committed 7808K, reserved 1048576K
}
Event: 21.486 GC heap before
{Heap before GC invocations=162 (full 3):
 PSYoungGen      total 14848K, used 14832K [0x00000000d5580000, 0x00000000d6780000, 0x0000000100000000)
  eden space 14336K, 100% used [0x00000000d5580000,0x00000000d6380000,0x00000000d6380000)
  from space 512K, 96% used [0x00000000d6700000,0x00000000d677c010,0x00000000d6780000)
  to   space 1024K, 0% used [0x00000000d6580000,0x00000000d6580000,0x00000000d6680000)
 ParOldGen       total 100352K, used 99915K [0x0000000080000000, 0x0000000086200000, 0x00000000d5580000)
  object space 100352K, 99% used [0x0000000080000000,0x0000000086192f08,0x0000000086200000)
 Metaspace       used 67450K, committed 68992K, reserved 1114112K
  class space    used 7208K, committed 7872K, reserved 1048576K
}
Event: 21.487 GC heap after
{Heap after GC invocations=162 (full 3):
 PSYoungGen      total 15360K, used 1022K [0x00000000d5580000, 0x00000000d6780000, 0x0000000100000000)
  eden space 14336K, 0% used [0x00000000d5580000,0x00000000d5580000,0x00000000d6380000)
  from space 1024K, 99% used [0x00000000d6580000,0x00000000d667fa40,0x00000000d6680000)
  to   space 1024K, 0% used [0x00000000d6680000,0x00000000d6680000,0x00000000d6780000)
 ParOldGen       total 100352K, used 100330K [0x0000000080000000, 0x0000000086200000, 0x00000000d5580000)
  object space 100352K, 99% used [0x0000000080000000,0x00000000861fabc8,0x0000000086200000)
 Metaspace       used 67450K, committed 68992K, reserved 1114112K
  class space    used 7208K, committed 7872K, reserved 1048576K
}

