# JRE version: OpenJDK Runtime Environment Temurin-21.0.9+10 (21.0.9+10) (build 21.0.9+10-LTS)
# Java VM: OpenJDK 64-Bit Server VM Temurin-21.0.9+10 (21.0.9+10-LTS, mixed mode, sharing, tiered, compressed oops, compressed class ptrs, parallel gc, windows-amd64)
GC Precious Log:
 CardTable entry size: 512
 CPUs: 16 total, 16 available
 Memory: 16068M
 Large Page Support: Disabled
 NUMA Support: Disabled
 Compressed Oops: Enabled (32-bit)
 Alignments: Space 512K, Generation 512K, Heap 2M
 Heap Min Capacity: 100M
 Heap Initial Capacity: 100M
 Heap Max Capacity: 2G
 Pre-touch: Disabled
 Parallel Workers: 13
Heap:
 PSYoungGen      total 5632K, used 2286K [0x00000000d5580000, 0x00000000d5c80000, 0x0000000100000000)
  eden space 4608K, 38% used [0x00000000d5580000,0x00000000d573ba90,0x00000000d5a00000)
  from space 1024K, 50% used [0x00000000d5a00000,0x00000000d5a80000,0x00000000d5b00000)
  to   space 1024K, 0% used [0x00000000d5b80000,0x00000000d5b80000,0x00000000d5c80000)
 ParOldGen       total 220672K, used 197474K [0x0000000080000000, 0x000000008d780000, 0x00000000d5580000)
  object space 220672K, 89% used [0x0000000080000000,0x000000008c0d8bb0,0x000000008d780000)
 Metaspace       used 81363K, committed 82944K, reserved 1179648K
  class space    used 8407K, committed 9088K, reserved 1048576K
GC Heap History (20 events):
Event: 1335.190 GC heap before
{Heap before GC invocations=180 (full 4):
 PSYoungGen      total 3072K, used 2976K [0x00000000d5580000, 0x00000000d5d00000, 0x0000000100000000)
  eden space 2560K, 100% used [0x00000000d5580000,0x00000000d5800000,0x00000000d5800000)
  from space 512K, 81% used [0x00000000d5c00000,0x00000000d5c68000,0x00000000d5c80000)
  to   space 512K, 0% used [0x00000000d5c80000,0x00000000d5c80000,0x00000000d5d00000)
 ParOldGen       total 220672K, used 185778K [0x0000000080000000, 0x000000008d780000, 0x00000000d5580000)
  object space 220672K, 84% used [0x0000000080000000,0x000000008b56c8a0,0x000000008d780000)
 Metaspace       used 81256K, committed 82880K, reserved 1179648K
  class space    used 8407K, committed 9088K, reserved 1048576K
}
Event: 1335.192 GC heap after
{Heap after GC invocations=180 (full 4):
 PSYoungGen      total 3584K, used 500K [0x00000000d5580000, 0x00000000d5d00000, 0x0000000100000000)
  eden space 3072K, 0% used [0x00000000d5580000,0x00000000d5580000,0x00000000d5880000)
  from space 512K, 97% used [0x00000000d5c80000,0x00000000d5cfd220,0x00000000d5d00000)
  to   space 1024K, 0% used [0x00000000d5b00000,0x00000000d5b00000,0x00000000d5c00000)
 ParOldGen       total 220672K, used 186090K [0x0000000080000000, 0x000000008d780000, 0x00000000d5580000)
  object space 220672K, 84% used [0x0000000080000000,0x000000008b5ba8d0,0x000000008d780000)
 Metaspace       used 81256K, committed 82880K, reserved 1179648K
  class space    used 8407K, committed 9088K, reserved 1048576K
}
Event: 1335.197 GC heap before
{Heap before GC invocations=181 (full 4):
 PSYoungGen      total 3584K, used 3572K [0x00000000d5580000, 0x00000000d5d00000, 0x0000000100000000)
  eden space 3072K, 100% used [0x00000000d5580000,0x00000000d5880000,0x00000000d5880000)
  from space 512K, 97% used [0x00000000d5c80000,0x00000000d5cfd220,0x00000000d5d00000)
  to   space 1024K, 0% used [0x00000000d5b00000,0x00000000d5b00000,0x00000000d5c00000)
 ParOldGen       total 220672K, used 186090K [0x0000000080000000, 0x000000008d780000, 0x00000000d5580000)
  object space 220672K, 84% used [0x0000000080000000,0x000000008b5ba8d0,0x000000008d780000)
 Metaspace       used 81260K, committed 82880K, reserved 1179648K
  class space    used 8407K, committed 9088K, reserved 1048576K
}
Event: 1335.200 GC heap after
{Heap after GC invocations=181 (full 4):
 PSYoungGen      total 5120K, used 544K [0x00000000d5580000, 0x00000000d5d00000, 0x0000000100000000)
  eden space 4096K, 0% used [0x00000000d5580000,0x00000000d5580000,0x00000000d5980000)
  from space 1024K, 53% used [0x00000000d5b00000,0x00000000d5b88000,0x00000000d5c00000)
  to   space 1024K, 0% used [0x00000000d5c00000,0x00000000d5c00000,0x00000000d5d00000)
 ParOldGen       total 220672K, used 186598K [0x0000000080000000, 0x000000008d780000, 0x00000000d5580000)
  object space 220672K, 84% used [0x0000000080000000,0x000000008b639af0,0x000000008d780000)
 Metaspace       used 81260K, committed 82880K, reserved 1179648K
  class space    used 8407K, committed 9088K, reserved 1048576K
}
Event: 1335.212 GC heap before
{Heap before GC invocations=182 (full 4):
 PSYoungGen      total 5120K, used 4640K [0x00000000d5580000, 0x00000000d5d00000, 0x0000000100000000)
  eden space 4096K, 100% used [0x00000000d5580000,0x00000000d5980000,0x00000000d5980000)
  from space 1024K, 53% used [0x00000000d5b00000,0x00000000d5b88000,0x00000000d5c00000)
  to   space 1024K, 0% used [0x00000000d5c00000,0x00000000d5c00000,0x00000000d5d00000)
 ParOldGen       total 220672K, used 186598K [0x0000000080000000, 0x000000008d780000, 0x00000000d5580000)
  object space 220672K, 84% used [0x0000000080000000,0x000000008b639af0,0x000000008d780000)
 Metaspace       used 81262K, committed 82880K, reserved 1179648K
  class space    used 8407K, committed 9088K, reserved 1048576K
}
Event: 1335.214 GC heap after
{Heap after GC invocations=182 (full 4):
 PSYoungGen      total 6144K, used 970K [0x00000000d5580000, 0x00000000d5d80000, 0x0000000100000000)
  eden space 5120K, 0% used [0x00000000d5580000,0x00000000d5580000,0x00000000d5a80000)
  from space 1024K, 94% used [0x00000000d5c00000,0x00000000d5cf2910,0x00000000d5d00000)
  to   space 1536K, 0% used [0x00000000d5a80000,0x00000000d5a80000,0x00000000d5c00000)
 ParOldGen       total 220672K, used 186942K [0x0000000080000000, 0x000000008d780000, 0x00000000d5580000)
  object space 220672K, 84% used [0x0000000080000000,0x000000008b68faf0,0x000000008d780000)
 Metaspace       used 81262K, committed 82880K, reserved 1179648K
  class space    used 8407K, committed 9088K, reserved 1048576K
}
Event: 1335.220 GC heap before
{Heap before GC invocations=183 (full 4):
 PSYoungGen      total 6144K, used 6090K [0x00000000d5580000, 0x00000000d5d80000, 0x0000000100000000)
  eden space 5120K, 100% used [0x00000000d5580000,0x00000000d5a80000,0x00000000d5a80000)
  from space 1024K, 94% used [0x00000000d5c00000,0x00000000d5cf2910,0x00000000d5d00000)
  to   space 1536K, 0% used [0x00000000d5a80000,0x00000000d5a80000,0x00000000d5c00000)
 ParOldGen       total 220672K, used 186942K [0x0000000080000000, 0x000000008d780000, 0x00000000d5580000)
  object space 220672K, 84% used [0x0000000080000000,0x000000008b68faf0,0x000000008d780000)
 Metaspace       used 81265K, committed 82880K, reserved 1179648K
  class space    used 8407K, committed 9088K, reserved 1048576K
}
Event: 1335.224 GC heap after
{Heap after GC invocations=183 (full 4):
 PSYoungGen      total 6656K, used 512K [0x00000000d5580000, 0x00000000d5d80000, 0x0000000100000000)
  eden space 5120K, 0% used [0x00000000d5580000,0x00000000d5580000,0x00000000d5a80000)
  from space 1536K, 33% used [0x00000000d5a80000,0x00000000d5b00000,0x00000000d5c00000)
  to   space 1024K, 0% used [0x00000000d5c80000,0x00000000d5c80000,0x00000000d5d80000)
 ParOldGen       total 220672K, used 187747K [0x0000000080000000, 0x000000008d780000, 0x00000000d5580000)
  object space 220672K, 85% used [0x0000000080000000,0x000000008b758d20,0x000000008d780000)
 Metaspace       used 81265K, committed 82880K, reserved 1179648K
  class space    used 8407K, committed 9088K, reserved 1048576K
}
Event: 1336.399 GC heap before
{Heap before GC invocations=184 (full 4):
 PSYoungGen      total 6656K, used 5632K [0x00000000d5580000, 0x00000000d5d80000, 0x0000000100000000)
  eden space 5120K, 100% used [0x00000000d5580000,0x00000000d5a80000,0x00000000d5a80000)
  from space 1536K, 33% used [0x00000000d5a80000,0x00000000d5b00000,0x00000000d5c00000)
  to   space 1024K, 0% used [0x00000000d5c80000,0x00000000d5c80000,0x00000000d5d80000)
 ParOldGen       total 220672K, used 187747K [0x0000000080000000, 0x000000008d780000, 0x00000000d5580000)
  object space 220672K, 85% used [0x0000000080000000,0x000000008b758d20,0x000000008d780000)
 Metaspace       used 81272K, committed 82880K, reserved 1179648K
  class space    used 8407K, committed 9088K, reserved 1048576K
}
Event: 1336.412 GC heap after
{Heap after GC invocations=184 (full 4):
 PSYoungGen      total 3584K, used 1022K [0x00000000d5580000, 0x00000000d6480000, 0x0000000100000000)
  eden space 2560K, 0% used [0x00000000d5580000,0x00000000d5580000,0x00000000d5800000)
  from space 1024K, 99% used [0x00000000d5c80000,0x00000000d5d7f9c0,0x00000000d5d80000)
  to   space 4608K, 0% used [0x00000000d5800000,0x00000000d5800000,0x00000000d5c80000)
 ParOldGen       total 220672K, used 190403K [0x0000000080000000, 0x000000008d780000, 0x00000000d5580000)
  object space 220672K, 86% used [0x0000000080000000,0x000000008b9f0d40,0x000000008d780000)
 Metaspace       used 81272K, committed 82880K, reserved 1179648K
  class space    used 8407K, committed 9088K, reserved 1048576K
}
Event: 1336.416 GC heap before
{Heap before GC invocations=185 (full 4):
 PSYoungGen      total 3584K, used 3582K [0x00000000d5580000, 0x00000000d6480000, 0x0000000100000000)
  eden space 2560K, 100% used [0x00000000d5580000,0x00000000d5800000,0x00000000d5800000)
  from space 1024K, 99% used [0x00000000d5c80000,0x00000000d5d7f9c0,0x00000000d5d80000)
  to   space 4608K, 0% used [0x00000000d5800000,0x00000000d5800000,0x00000000d5c80000)
 ParOldGen       total 220672K, used 190403K [0x0000000080000000, 0x000000008d780000, 0x00000000d5580000)
  object space 220672K, 86% used [0x0000000080000000,0x000000008b9f0d40,0x000000008d780000)
 Metaspace       used 81272K, committed 82880K, reserved 1179648K
  class space    used 8407K, committed 9088K, reserved 1048576K
}
Event: 1336.419 GC heap after
{Heap after GC invocations=185 (full 4):
 PSYoungGen      total 5632K, used 2752K [0x00000000d5580000, 0x00000000d5e80000, 0x0000000100000000)
  eden space 2560K, 0% used [0x00000000d5580000,0x00000000d5580000,0x00000000d5800000)
  from space 3072K, 89% used [0x00000000d5800000,0x00000000d5ab0000,0x00000000d5b00000)
  to   space 3072K, 0% used [0x00000000d5b80000,0x00000000d5b80000,0x00000000d5e80000)
 ParOldGen       total 220672K, used 191473K [0x0000000080000000, 0x000000008d780000, 0x00000000d5580000)
  object space 220672K, 86% used [0x0000000080000000,0x000000008bafc700,0x000000008d780000)
 Metaspace       used 81272K, committed 82880K, reserved 1179648K
  class space    used 8407K, committed 9088K, reserved 1048576K
}
Event: 1336.422 GC heap before
{Heap before GC invocations=186 (full 4):
 PSYoungGen      total 5632K, used 5312K [0x00000000d5580000, 0x00000000d5e80000, 0x0000000100000000)
  eden space 2560K, 100% used [0x00000000d5580000,0x00000000d5800000,0x00000000d5800000)
  from space 3072K, 89% used [0x00000000d5800000,0x00000000d5ab0000,0x00000000d5b00000)
  to   space 3072K, 0% used [0x00000000d5b80000,0x00000000d5b80000,0x00000000d5e80000)
 ParOldGen       total 220672K, used 191473K [0x0000000080000000, 0x000000008d780000, 0x00000000d5580000)
  object space 220672K, 86% used [0x0000000080000000,0x000000008bafc700,0x000000008d780000)
 Metaspace       used 81272K, committed 82880K, reserved 1179648K
  class space    used 8407K, committed 9088K, reserved 1048576K
}
Event: 1336.429 GC heap after
{Heap after GC invocations=186 (full 4):
 PSYoungGen      total 6144K, used 2752K [0x00000000d5580000, 0x00000000d5e80000, 0x0000000100000000)
  eden space 3072K, 0% used [0x00000000d5580000,0x00000000d5580000,0x00000000d5880000)
  from space 3072K, 89% used [0x00000000d5b80000,0x00000000d5e30000,0x00000000d5e80000)
  to   space 3072K, 0% used [0x00000000d5880000,0x00000000d5880000,0x00000000d5b80000)
 ParOldGen       total 220672K, used 194097K [0x0000000080000000, 0x000000008d780000, 0x00000000d5580000)
  object space 220672K, 87% used [0x0000000080000000,0x000000008bd8c700,0x000000008d780000)
 Metaspace       used 81272K, committed 82880K, reserved 1179648K
  class space    used 8407K, committed 9088K, reserved 1048576K
}
Event: 1336.434 GC heap before
{Heap before GC invocations=187 (full 4):
 PSYoungGen      total 6144K, used 5824K [0x00000000d5580000, 0x00000000d5e80000, 0x0000000100000000)
  eden space 3072K, 100% used [0x00000000d5580000,0x00000000d5880000,0x00000000d5880000)
  from space 3072K, 89% used [0x00000000d5b80000,0x00000000d5e30000,0x00000000d5e80000)
  to   space 3072K, 0% used [0x00000000d5880000,0x00000000d5880000,0x00000000d5b80000)
 ParOldGen       total 220672K, used 194097K [0x0000000080000000, 0x000000008d780000, 0x00000000d5580000)
  object space 220672K, 87% used [0x0000000080000000,0x000000008bd8c700,0x000000008d780000)
 Metaspace       used 81273K, committed 82880K, reserved 1179648K
  class space    used 8407K, committed 9088K, reserved 1048576K
}
Event: 1336.441 GC heap after
{Heap after GC invocations=187 (full 4):
 PSYoungGen      total 4096K, used 794K [0x00000000d5580000, 0x00000000d5c80000, 0x0000000100000000)
  eden space 3072K, 0% used [0x00000000d5580000,0x00000000d5580000,0x00000000d5880000)
  from space 1024K, 77% used [0x00000000d5880000,0x00000000d5946900,0x00000000d5980000)
  to   space 1536K, 0% used [0x00000000d5b00000,0x00000000d5b00000,0x00000000d5c80000)
 ParOldGen       total 220672K, used 196705K [0x0000000080000000, 0x000000008d780000, 0x00000000d5580000)
  object space 220672K, 89% used [0x0000000080000000,0x000000008c018700,0x000000008d780000)
 Metaspace       used 81273K, committed 82880K, reserved 1179648K
  class space    used 8407K, committed 9088K, reserved 1048576K
}
Event: 1336.449 GC heap before
{Heap before GC invocations=188 (full 4):
 PSYoungGen      total 4096K, used 3866K [0x00000000d5580000, 0x00000000d5c80000, 0x0000000100000000)
  eden space 3072K, 100% used [0x00000000d5580000,0x00000000d5880000,0x00000000d5880000)
  from space 1024K, 77% used [0x00000000d5880000,0x00000000d5946900,0x00000000d5980000)
  to   space 1536K, 0% used [0x00000000d5b00000,0x00000000d5b00000,0x00000000d5c80000)
 ParOldGen       total 220672K, used 196705K [0x0000000080000000, 0x000000008d780000, 0x00000000d5580000)
  object space 220672K, 89% used [0x0000000080000000,0x000000008c018700,0x000000008d780000)
 Metaspace       used 81273K, committed 82880K, reserved 1179648K
  class space    used 8407K, committed 9088K, reserved 1048576K
}
Event: 1336.453 GC heap after
{Heap after GC invocations=188 (full 4):
 PSYoungGen      total 5120K, used 544K [0x00000000d5580000, 0x00000000d5c00000, 0x0000000100000000)
  eden space 4096K, 0% used [0x00000000d5580000,0x00000000d5580000,0x00000000d5980000)
  from space 1024K, 53% used [0x00000000d5b00000,0x00000000d5b88000,0x00000000d5c00000)
  to   space 1024K, 0% used [0x00000000d5a00000,0x00000000d5a00000,0x00000000d5b00000)
 ParOldGen       total 220672K, used 197218K [0x0000000080000000, 0x000000008d780000, 0x00000000d5580000)
  object space 220672K, 89% used [0x0000000080000000,0x000000008c098b90,0x000000008d780000)
 Metaspace       used 81273K, committed 82880K, reserved 1179648K
  class space    used 8407K, committed 9088K, reserved 1048576K
}
Event: 66876.657 GC heap before
{Heap before GC invocations=189 (full 4):
 PSYoungGen      total 5120K, used 4639K [0x00000000d5580000, 0x00000000d5c00000, 0x0000000100000000)
  eden space 4096K, 99% used [0x00000000d5580000,0x00000000d597fff0,0x00000000d5980000)
  from space 1024K, 53% used [0x00000000d5b00000,0x00000000d5b88000,0x00000000d5c00000)
  to   space 1024K, 0% used [0x00000000d5a00000,0x00000000d5a00000,0x00000000d5b00000)
 ParOldGen       total 220672K, used 197218K [0x0000000080000000, 0x000000008d780000, 0x00000000d5580000)
  object space 220672K, 89% used [0x0000000080000000,0x000000008c098b90,0x000000008d780000)
 Metaspace       used 81344K, committed 82944K, reserved 1179648K
  class space    used 8407K, committed 9088K, reserved 1048576K
}
Event: 66876.733 GC heap after
{Heap after GC invocations=189 (full 4):
 PSYoungGen      total 5632K, used 512K [0x00000000d5580000, 0x00000000d5c80000, 0x0000000100000000)
  eden space 4608K, 0% used [0x00000000d5580000,0x00000000d5580000,0x00000000d5a00000)
  from space 1024K, 50% used [0x00000000d5a00000,0x00000000d5a80000,0x00000000d5b00000)
  to   space 1024K, 0% used [0x00000000d5b80000,0x00000000d5b80000,0x00000000d5c80000)
 ParOldGen       total 220672K, used 197474K [0x0000000080000000, 0x000000008d780000, 0x00000000d5580000)
  object space 220672K, 89% used [0x0000000080000000,0x000000008c0d8bb0,0x000000008d780000)
 Metaspace       used 81344K, committed 82944K, reserved 1179648K
  class space    used 8407K, committed 9088K, reserved 1048576K
}

