# JRE version: OpenJDK Runtime Environment Temurin-21.0.10+7 (21.0.10+7) (build 21.0.10+7-LTS)
# Java VM: OpenJDK 64-Bit Server VM Temurin-21.0.10+7 (21.0.10+7-LTS, mixed mode, sharing, tiered, compressed oops, compressed class ptrs, parallel gc, windows-amd64)
GC Precious Log:
 CardTable entry size: 512
 CPUs: 16 total, 16 available
 Memory: 16068M
 Large Page Support: Disabled
 NUMA Support: Disabled
 Compressed Oops: Enabled (32-bit)
 Alignments: Space 512K, Generation 512K, Heap 2M
 Heap Min Capacity: 100M
 Heap Initial Capacity: 100M
 Heap Max Capacity: 2G
 Pre-touch: Disabled
 Parallel Workers: 13
Heap:
 PSYoungGen      total 13824K, used 3101K [0x00000000d5580000, 0x00000000d6600000, 0x0000000100000000)
  eden space 12800K, 16% used [0x00000000d5580000,0x00000000d5787b08,0x00000000d6200000)
  from space 1024K, 99% used [0x00000000d6500000,0x00000000d65ffa10,0x00000000d6600000)
  to   space 2048K, 0% used [0x00000000d6200000,0x00000000d6200000,0x00000000d6400000)
 ParOldGen       total 95744K, used 95655K [0x0000000080000000, 0x0000000085d80000, 0x00000000d5580000)
  object space 95744K, 99% used [0x0000000080000000,0x0000000085d69e28,0x0000000085d80000)
 Metaspace       used 65491K, committed 67008K, reserved 1114112K
  class space    used 6752K, committed 7424K, reserved 1048576K
GC Heap History (20 events):
Event: 16.238 GC heap before
{Heap before GC invocations=72 (full 3):
 PSYoungGen      total 15872K, used 15565K [0x00000000d5580000, 0x00000000d6680000, 0x0000000100000000)
  eden space 14848K, 99% used [0x00000000d5580000,0x00000000d63e7400,0x00000000d6400000)
  from space 1024K, 79% used [0x00000000d6580000,0x00000000d664c010,0x00000000d6680000)
  to   space 1024K, 0% used [0x00000000d6480000,0x00000000d6480000,0x00000000d6580000)
 ParOldGen       total 76800K, used 76574K [0x0000000080000000, 0x0000000084b00000, 0x00000000d5580000)
  object space 76800K, 99% used [0x0000000080000000,0x0000000084ac7a68,0x0000000084b00000)
 Metaspace       used 62870K, committed 64448K, reserved 1114112K
  class space    used 6597K, committed 7296K, reserved 1048576K
}
Event: 16.242 GC heap after
{Heap after GC invocations=72 (full 3):
 PSYoungGen      total 15872K, used 992K [0x00000000d5580000, 0x00000000d7200000, 0x0000000100000000)
  eden space 14848K, 0% used [0x00000000d5580000,0x00000000d5580000,0x00000000d6400000)
  from space 1024K, 96% used [0x00000000d6480000,0x00000000d6578020,0x00000000d6580000)
  to   space 7168K, 0% used [0x00000000d6b00000,0x00000000d6b00000,0x00000000d7200000)
 ParOldGen       total 81920K, used 81641K [0x0000000080000000, 0x0000000085000000, 0x00000000d5580000)
  object space 81920K, 99% used [0x0000000080000000,0x0000000084fba4b0,0x0000000085000000)
 Metaspace       used 62870K, committed 64448K, reserved 1114112K
  class space    used 6597K, committed 7296K, reserved 1048576K
}
Event: 16.296 GC heap before
{Heap before GC invocations=73 (full 3):
 PSYoungGen      total 15872K, used 15840K [0x00000000d5580000, 0x00000000d7200000, 0x0000000100000000)
  eden space 14848K, 100% used [0x00000000d5580000,0x00000000d6400000,0x00000000d6400000)
  from space 1024K, 96% used [0x00000000d6480000,0x00000000d6578020,0x00000000d6580000)
  to   space 7168K, 0% used [0x00000000d6b00000,0x00000000d6b00000,0x00000000d7200000)
 ParOldGen       total 81920K, used 81641K [0x0000000080000000, 0x0000000085000000, 0x00000000d5580000)
  object space 81920K, 99% used [0x0000000080000000,0x0000000084fba4b0,0x0000000085000000)
 Metaspace       used 63018K, committed 64576K, reserved 1114112K
  class space    used 6606K, committed 7296K, reserved 1048576K
}
Event: 16.300 GC heap after
{Heap after GC invocations=73 (full 3):
 PSYoungGen      total 19968K, used 7153K [0x00000000d5580000, 0x00000000d7600000, 0x0000000100000000)
  eden space 12800K, 0% used [0x00000000d5580000,0x00000000d5580000,0x00000000d6200000)
  from space 7168K, 99% used [0x00000000d6b00000,0x00000000d71fc560,0x00000000d7200000)
  to   space 9216K, 0% used [0x00000000d6200000,0x00000000d6200000,0x00000000d6b00000)
 ParOldGen       total 82944K, used 82817K [0x0000000080000000, 0x0000000085100000, 0x00000000d5580000)
  object space 82944K, 99% used [0x0000000080000000,0x00000000850e0560,0x0000000085100000)
 Metaspace       used 63018K, committed 64576K, reserved 1114112K
  class space    used 6606K, committed 7296K, reserved 1048576K
}
Event: 16.478 GC heap before
{Heap before GC invocations=74 (full 3):
 PSYoungGen      total 19968K, used 19953K [0x00000000d5580000, 0x00000000d7600000, 0x0000000100000000)
  eden space 12800K, 100% used [0x00000000d5580000,0x00000000d6200000,0x00000000d6200000)
  from space 7168K, 99% used [0x00000000d6b00000,0x00000000d71fc560,0x00000000d7200000)
  to   space 9216K, 0% used [0x00000000d6200000,0x00000000d6200000,0x00000000d6b00000)
 ParOldGen       total 82944K, used 82817K [0x0000000080000000, 0x0000000085100000, 0x00000000d5580000)
  object space 82944K, 99% used [0x0000000080000000,0x00000000850e0560,0x0000000085100000)
 Metaspace       used 63912K, committed 65536K, reserved 1114112K
  class space    used 6673K, committed 7360K, reserved 1048576K
}
Event: 16.482 GC heap after
{Heap after GC invocations=74 (full 3):
 PSYoungGen      total 14848K, used 1680K [0x00000000d5580000, 0x00000000d6b80000, 0x0000000100000000)
  eden space 12800K, 0% used [0x00000000d5580000,0x00000000d5580000,0x00000000d6200000)
  from space 2048K, 82% used [0x00000000d6200000,0x00000000d63a4350,0x00000000d6400000)
  to   space 4608K, 0% used [0x00000000d6700000,0x00000000d6700000,0x00000000d6b80000)
 ParOldGen       total 90112K, used 89771K [0x0000000080000000, 0x0000000085800000, 0x00000000d5580000)
  object space 90112K, 99% used [0x0000000080000000,0x00000000857aad68,0x0000000085800000)
 Metaspace       used 63912K, committed 65536K, reserved 1114112K
  class space    used 6673K, committed 7360K, reserved 1048576K
}
Event: 16.513 GC heap before
{Heap before GC invocations=75 (full 3):
 PSYoungGen      total 14848K, used 14480K [0x00000000d5580000, 0x00000000d6b80000, 0x0000000100000000)
  eden space 12800K, 100% used [0x00000000d5580000,0x00000000d6200000,0x00000000d6200000)
  from space 2048K, 82% used [0x00000000d6200000,0x00000000d63a4350,0x00000000d6400000)
  to   space 4608K, 0% used [0x00000000d6700000,0x00000000d6700000,0x00000000d6b80000)
 ParOldGen       total 90112K, used 89771K [0x0000000080000000, 0x0000000085800000, 0x00000000d5580000)
  object space 90112K, 99% used [0x0000000080000000,0x00000000857aad68,0x0000000085800000)
 Metaspace       used 64070K, committed 65664K, reserved 1114112K
  class space    used 6688K, committed 7360K, reserved 1048576K
}
Event: 16.515 GC heap after
{Heap after GC invocations=75 (full 3):
 PSYoungGen      total 13312K, used 378K [0x00000000d5580000, 0x00000000d6780000, 0x0000000100000000)
  eden space 12800K, 0% used [0x00000000d5580000,0x00000000d5580000,0x00000000d6200000)
  from space 512K, 73% used [0x00000000d6700000,0x00000000d675e900,0x00000000d6780000)
  to   space 1536K, 0% used [0x00000000d6480000,0x00000000d6480000,0x00000000d6600000)
 ParOldGen       total 91648K, used 91228K [0x0000000080000000, 0x0000000085980000, 0x00000000d5580000)
  object space 91648K, 99% used [0x0000000080000000,0x0000000085917398,0x0000000085980000)
 Metaspace       used 64070K, committed 65664K, reserved 1114112K
  class space    used 6688K, committed 7360K, reserved 1048576K
}
Event: 16.589 GC heap before
{Heap before GC invocations=76 (full 3):
 PSYoungGen      total 13312K, used 13178K [0x00000000d5580000, 0x00000000d6780000, 0x0000000100000000)
  eden space 12800K, 100% used [0x00000000d5580000,0x00000000d6200000,0x00000000d6200000)
  from space 512K, 73% used [0x00000000d6700000,0x00000000d675e900,0x00000000d6780000)
  to   space 1536K, 0% used [0x00000000d6480000,0x00000000d6480000,0x00000000d6600000)
 ParOldGen       total 91648K, used 91228K [0x0000000080000000, 0x0000000085980000, 0x00000000d5580000)
  object space 91648K, 99% used [0x0000000080000000,0x0000000085917398,0x0000000085980000)
 Metaspace       used 64275K, committed 65920K, reserved 1114112K
  class space    used 6703K, committed 7424K, reserved 1048576K
}
Event: 16.590 GC heap after
{Heap after GC invocations=76 (full 3):
 PSYoungGen      total 14336K, used 1326K [0x00000000d5580000, 0x00000000d6780000, 0x0000000100000000)
  eden space 12800K, 0% used [0x00000000d5580000,0x00000000d5580000,0x00000000d6200000)
  from space 1536K, 86% used [0x00000000d6480000,0x00000000d65cb998,0x00000000d6600000)
  to   space 1536K, 0% used [0x00000000d6600000,0x00000000d6600000,0x00000000d6780000)
 ParOldGen       total 91648K, used 91364K [0x0000000080000000, 0x0000000085980000, 0x00000000d5580000)
  object space 91648K, 99% used [0x0000000080000000,0x00000000859393a8,0x0000000085980000)
 Metaspace       used 64275K, committed 65920K, reserved 1114112K
  class space    used 6703K, committed 7424K, reserved 1048576K
}
Event: 16.675 GC heap before
{Heap before GC invocations=77 (full 3):
 PSYoungGen      total 14336K, used 14126K [0x00000000d5580000, 0x00000000d6780000, 0x0000000100000000)
  eden space 12800K, 100% used [0x00000000d5580000,0x00000000d6200000,0x00000000d6200000)
  from space 1536K, 86% used [0x00000000d6480000,0x00000000d65cb998,0x00000000d6600000)
  to   space 1536K, 0% used [0x00000000d6600000,0x00000000d6600000,0x00000000d6780000)
 ParOldGen       total 91648K, used 91364K [0x0000000080000000, 0x0000000085980000, 0x00000000d5580000)
  object space 91648K, 99% used [0x0000000080000000,0x00000000859393a8,0x0000000085980000)
 Metaspace       used 64408K, committed 66048K, reserved 1114112K
  class space    used 6703K, committed 7424K, reserved 1048576K
}
Event: 16.676 GC heap after
{Heap after GC invocations=77 (full 3):
 PSYoungGen      total 14336K, used 1120K [0x00000000d5580000, 0x00000000d6780000, 0x0000000100000000)
  eden space 12800K, 0% used [0x00000000d5580000,0x00000000d5580000,0x00000000d6200000)
  from space 1536K, 72% used [0x00000000d6600000,0x00000000d6718020,0x00000000d6780000)
  to   space 1536K, 0% used [0x00000000d6480000,0x00000000d6480000,0x00000000d6600000)
 ParOldGen       total 92672K, used 92452K [0x0000000080000000, 0x0000000085a80000, 0x00000000d5580000)
  object space 92672K, 99% used [0x0000000080000000,0x0000000085a492e8,0x0000000085a80000)
 Metaspace       used 64408K, committed 66048K, reserved 1114112K
  class space    used 6703K, committed 7424K, reserved 1048576K
}
Event: 16.753 GC heap before
{Heap before GC invocations=78 (full 3):
 PSYoungGen      total 14336K, used 13920K [0x00000000d5580000, 0x00000000d6780000, 0x0000000100000000)
  eden space 12800K, 100% used [0x00000000d5580000,0x00000000d6200000,0x00000000d6200000)
  from space 1536K, 72% used [0x00000000d6600000,0x00000000d6718020,0x00000000d6780000)
  to   space 1536K, 0% used [0x00000000d6480000,0x00000000d6480000,0x00000000d6600000)
 ParOldGen       total 92672K, used 92452K [0x0000000080000000, 0x0000000085a80000, 0x00000000d5580000)
  object space 92672K, 99% used [0x0000000080000000,0x0000000085a492e8,0x0000000085a80000)
 Metaspace       used 64522K, committed 66112K, reserved 1114112K
  class space    used 6703K, committed 7424K, reserved 1048576K
}
Event: 16.754 GC heap after
{Heap after GC invocations=78 (full 3):
 PSYoungGen      total 13824K, used 992K [0x00000000d5580000, 0x00000000d6680000, 0x0000000100000000)
  eden space 12800K, 0% used [0x00000000d5580000,0x00000000d5580000,0x00000000d6200000)
  from space 1024K, 96% used [0x00000000d6480000,0x00000000d6578020,0x00000000d6580000)
  to   space 1024K, 0% used [0x00000000d6580000,0x00000000d6580000,0x00000000d6680000)
 ParOldGen       total 93696K, used 93348K [0x0000000080000000, 0x0000000085b80000, 0x00000000d5580000)
  object space 93696K, 99% used [0x0000000080000000,0x0000000085b29348,0x0000000085b80000)
 Metaspace       used 64522K, committed 66112K, reserved 1114112K
  class space    used 6703K, committed 7424K, reserved 1048576K
}
Event: 17.026 GC heap before
{Heap before GC invocations=79 (full 3):
 PSYoungGen      total 13824K, used 13787K [0x00000000d5580000, 0x00000000d6680000, 0x0000000100000000)
  eden space 12800K, 99% used [0x00000000d5580000,0x00000000d61feea8,0x00000000d6200000)
  from space 1024K, 96% used [0x00000000d6480000,0x00000000d6578020,0x00000000d6580000)
  to   space 1024K, 0% used [0x00000000d6580000,0x00000000d6580000,0x00000000d6680000)
 ParOldGen       total 93696K, used 93348K [0x0000000080000000, 0x0000000085b80000, 0x00000000d5580000)
  object space 93696K, 99% used [0x0000000080000000,0x0000000085b29348,0x0000000085b80000)
 Metaspace       used 65057K, committed 66624K, reserved 1114112K
  class space    used 6731K, committed 7424K, reserved 1048576K
}
Event: 17.027 GC heap after
{Heap after GC invocations=79 (full 3):
 PSYoungGen      total 13824K, used 1020K [0x00000000d5580000, 0x00000000d6680000, 0x0000000100000000)
  eden space 12800K, 0% used [0x00000000d5580000,0x00000000d5580000,0x00000000d6200000)
  from space 1024K, 99% used [0x00000000d6580000,0x00000000d667f018,0x00000000d6680000)
  to   space 1536K, 0% used [0x00000000d6380000,0x00000000d6380000,0x00000000d6500000)
 ParOldGen       total 94208K, used 94076K [0x0000000080000000, 0x0000000085c00000, 0x00000000d5580000)
  object space 94208K, 99% used [0x0000000080000000,0x0000000085bdf388,0x0000000085c00000)
 Metaspace       used 65057K, committed 66624K, reserved 1114112K
  class space    used 6731K, committed 7424K, reserved 1048576K
}
Event: 17.120 GC heap before
{Heap before GC invocations=80 (full 3):
 PSYoungGen      total 13824K, used 13820K [0x00000000d5580000, 0x00000000d6680000, 0x0000000100000000)
  eden space 12800K, 100% used [0x00000000d5580000,0x00000000d6200000,0x00000000d6200000)
  from space 1024K, 99% used [0x00000000d6580000,0x00000000d667f018,0x00000000d6680000)
  to   space 1536K, 0% used [0x00000000d6380000,0x00000000d6380000,0x00000000d6500000)
 ParOldGen       total 94208K, used 94076K [0x0000000080000000, 0x0000000085c00000, 0x00000000d5580000)
  object space 94208K, 99% used [0x0000000080000000,0x0000000085bdf388,0x0000000085c00000)
 Metaspace       used 65072K, committed 66624K, reserved 1114112K
  class space    used 6731K, committed 7424K, reserved 1048576K
}
Event: 17.122 GC heap after
{Heap after GC invocations=80 (full 3):
 PSYoungGen      total 14336K, used 1056K [0x00000000d5580000, 0x00000000d6600000, 0x0000000100000000)
  eden space 12800K, 0% used [0x00000000d5580000,0x00000000d5580000,0x00000000d6200000)
  from space 1536K, 68% used [0x00000000d6380000,0x00000000d6488020,0x00000000d6500000)
  to   space 1024K, 0% used [0x00000000d6500000,0x00000000d6500000,0x00000000d6600000)
 ParOldGen       total 95232K, used 94951K [0x0000000080000000, 0x0000000085d00000, 0x00000000d5580000)
  object space 95232K, 99% used [0x0000000080000000,0x0000000085cb9fa8,0x0000000085d00000)
 Metaspace       used 65072K, committed 66624K, reserved 1114112K
  class space    used 6731K, committed 7424K, reserved 1048576K
}
Event: 31.846 GC heap before
{Heap before GC invocations=81 (full 3):
 PSYoungGen      total 14336K, used 13828K [0x00000000d5580000, 0x00000000d6600000, 0x0000000100000000)
  eden space 12800K, 99% used [0x00000000d5580000,0x00000000d61f9348,0x00000000d6200000)
  from space 1536K, 68% used [0x00000000d6380000,0x00000000d6488020,0x00000000d6500000)
  to   space 1024K, 0% used [0x00000000d6500000,0x00000000d6500000,0x00000000d6600000)
 ParOldGen       total 95232K, used 94951K [0x0000000080000000, 0x0000000085d00000, 0x00000000d5580000)
  object space 95232K, 99% used [0x0000000080000000,0x0000000085cb9fa8,0x0000000085d00000)
 Metaspace       used 65225K, committed 66752K, reserved 1114112K
  class space    used 6738K, committed 7424K, reserved 1048576K
}
Event: 31.847 GC heap after
{Heap after GC invocations=81 (full 3):
 PSYoungGen      total 13824K, used 1022K [0x00000000d5580000, 0x00000000d6600000, 0x0000000100000000)
  eden space 12800K, 0% used [0x00000000d5580000,0x00000000d5580000,0x00000000d6200000)
  from space 1024K, 99% used [0x00000000d6500000,0x00000000d65ffa10,0x00000000d6600000)
  to   space 2048K, 0% used [0x00000000d6200000,0x00000000d6200000,0x00000000d6400000)
 ParOldGen       total 95744K, used 95655K [0x0000000080000000, 0x0000000085d80000, 0x00000000d5580000)
  object space 95744K, 99% used [0x0000000080000000,0x0000000085d69e28,0x0000000085d80000)
 Metaspace       used 65225K, committed 66752K, reserved 1114112K
  class space    used 6738K, committed 7424K, reserved 1048576K
}

